[debug] [2024-11-25T13:46:58.735Z] ----------------------------------------------------------------------
[debug] [2024-11-25T13:46:58.738Z] Command:       C:\Program Files\nodejs\node.exe C:\Users\91887\AppData\Roaming\npm\node_modules\firebase-tools\lib\bin\firebase.js init hosting
[debug] [2024-11-25T13:46:58.738Z] CLI Version:   13.27.0
[debug] [2024-11-25T13:46:58.738Z] Platform:      win32
[debug] [2024-11-25T13:46:58.739Z] Node Version:  v20.14.0
[debug] [2024-11-25T13:46:58.739Z] Time:          Mon Nov 25 2024 19:16:58 GMT+0530 (India Standard Time)
[debug] [2024-11-25T13:46:58.739Z] ----------------------------------------------------------------------
[debug] 
[debug] [2024-11-25T13:46:58.742Z] >>> [apiv2][query] GET https://firebase-public.firebaseio.com/cli.json [none]
[debug] [2024-11-25T13:46:58.796Z] > command requires scopes: ["email","openid","https://www.googleapis.com/auth/cloudplatformprojects.readonly","https://www.googleapis.com/auth/firebase","https://www.googleapis.com/auth/cloud-platform"]
[debug] [2024-11-25T13:46:58.796Z] > authorizing via signed-in user (olevester.joram123@gmail.com)
[info] 
     ######## #### ########  ######## ########     ###     ######  ########
     ##        ##  ##     ## ##       ##     ##  ##   ##  ##       ##
     ######    ##  ########  ######   ########  #########  ######  ######
     ##        ##  ##    ##  ##       ##     ## ##     ##       ## ##
     ##       #### ##     ## ######## ########  ##     ##  ######  ########

You're about to initialize a Firebase project in this directory:

  C:\Users\91887\Desktop\Work\scripts\python\GambeGame\Web-Magic\frontened

[debug] [2024-11-25T13:46:59.409Z] <<< [apiv2][status] GET https://firebase-public.firebaseio.com/cli.json 200
[debug] [2024-11-25T13:46:59.410Z] <<< [apiv2][body] GET https://firebase-public.firebaseio.com/cli.json {"cloudBuildErrorAfter":1594252800000,"cloudBuildWarnAfter":1590019200000,"defaultNode10After":1594252800000,"minVersion":"3.0.5","node8DeploysDisabledAfter":1613390400000,"node8RuntimeDisabledAfter":1615809600000,"node8WarnAfter":1600128000000}
